<?xml version="1.0" encoding="UTF-8"?>
<!-- Generated by org.testng.reporters.JUnitXMLReporter -->
<testsuite ignored="0" hostname="DESKTOP-7ML21CR" failures="0" tests="6" name="Default test" time="0.352" errors="0" timestamp="2025-05-27T20:50:17 IST">
  <testcase classname="automationCore.BaseClass" name="@BeforeMethod initialiseBrowser" time="-1.748359217248E9">
    <failure type="org.testng.TestNGException" message="
Parameter &amp;apos;browser&amp;apos; is required by BeforeMethod on method initialiseBrowser but has not been marked @Optional or defined
in C:\Users\DELL\AppData\Local\Temp\testng-eclipse-2059455922\testng-customsuite.xml">
      <![CDATA[org.testng.TestNGException: 
Parameter 'browser' is required by BeforeMethod on method initialiseBrowser but has not been marked @Optional or defined
in C:\Users\DELL\AppData\Local\Temp\testng-eclipse-2059455922\testng-customsuite.xml
at org.testng.internal.Parameters.createParams(Parameters.java:264)
at org.testng.internal.Parameters.createParametersForMethod(Parameters.java:352)
at org.testng.internal.Parameters.createParameters(Parameters.java:690)
at org.testng.internal.Parameters.createConfigurationParameters(Parameters.java:163)
at org.testng.internal.invokers.ConfigInvoker.invokeConfigurations(ConfigInvoker.java:313)
at org.testng.internal.invokers.TestInvoker.runConfigMethods(TestInvoker.java:833)
at org.testng.internal.invokers.TestInvoker.invokeMethod(TestInvoker.java:600)
at org.testng.internal.invokers.TestInvoker.invokeTestMethod(TestInvoker.java:230)
at org.testng.internal.invokers.MethodRunner.runInSequence(MethodRunner.java:63)
at org.testng.internal.invokers.TestInvoker$MethodInvocationAgent.invoke(TestInvoker.java:992)
at org.testng.internal.invokers.TestInvoker.invokeTestMethods(TestInvoker.java:203)
at org.testng.internal.invokers.TestMethodWorker.invokeTestMethods(TestMethodWorker.java:154)
at org.testng.internal.invokers.TestMethodWorker.run(TestMethodWorker.java:134)
at java.base/java.util.ArrayList.forEach(ArrayList.java:1604)
at org.testng.TestRunner.privateRun(TestRunner.java:739)
at org.testng.TestRunner.run(TestRunner.java:614)
at org.testng.SuiteRunner.runTest(SuiteRunner.java:421)
at org.testng.SuiteRunner.runSequentially(SuiteRunner.java:413)
at org.testng.SuiteRunner.privateRun(SuiteRunner.java:373)
at org.testng.SuiteRunner.run(SuiteRunner.java:312)
at org.testng.SuiteRunnerWorker.runSuite(SuiteRunnerWorker.java:52)
at org.testng.SuiteRunnerWorker.run(SuiteRunnerWorker.java:95)
at org.testng.TestNG.runSuitesSequentially(TestNG.java:1274)
at org.testng.TestNG.runSuitesLocally(TestNG.java:1208)
at org.testng.TestNG.runSuites(TestNG.java:1112)
at org.testng.TestNG.run(TestNG.java:1079)
at org.testng.remote.AbstractRemoteTestNG.run(AbstractRemoteTestNG.java:115)
at org.testng.remote.RemoteTestNG.initAndRun(RemoteTestNG.java:293)
at org.testng.remote.RemoteTestNG.main(RemoteTestNG.java:91)
]]>
    </failure>
  </testcase> <!-- @BeforeMethod initialiseBrowser -->
  <testcase classname="automationCore.BaseClass" name="@AfterMethod driverQuit" time="0.0">
    <skipped/>
  </testcase> <!-- @AfterMethod driverQuit -->
  <testcase classname="automationCore.BaseClass" name="@BeforeMethod initialiseBrowser" time="0.0">
    <skipped/>
  </testcase> <!-- @BeforeMethod initialiseBrowser -->
  <testcase classname="automationCore.BaseClass" name="@AfterMethod driverQuit" time="0.0">
    <skipped/>
  </testcase> <!-- @AfterMethod driverQuit -->
  <testcase classname="automationCore.BaseClass" name="@BeforeMethod initialiseBrowser" time="0.0">
    <skipped/>
  </testcase> <!-- @BeforeMethod initialiseBrowser -->
  <testcase classname="automationCore.BaseClass" name="@AfterMethod driverQuit" time="0.0">
    <skipped/>
  </testcase> <!-- @AfterMethod driverQuit -->
  <testcase classname="automationCore.BaseClass" name="@BeforeMethod initialiseBrowser" time="0.0">
    <skipped/>
  </testcase> <!-- @BeforeMethod initialiseBrowser -->
  <testcase classname="automationCore.BaseClass" name="@AfterMethod driverQuit" time="0.0">
    <skipped/>
  </testcase> <!-- @AfterMethod driverQuit -->
  <testcase classname="automationCore.BaseClass" name="@BeforeMethod initialiseBrowser" time="0.0">
    <skipped/>
  </testcase> <!-- @BeforeMethod initialiseBrowser -->
  <testcase classname="automationCore.BaseClass" name="@AfterMethod driverQuit" time="0.0">
    <skipped/>
  </testcase> <!-- @AfterMethod driverQuit -->
  <testcase classname="automationCore.BaseClass" name="@BeforeMethod initialiseBrowser" time="0.0">
    <skipped/>
  </testcase> <!-- @BeforeMethod initialiseBrowser -->
  <testcase classname="automationCore.BaseClass" name="@AfterMethod driverQuit" time="0.0">
    <skipped/>
  </testcase> <!-- @AfterMethod driverQuit -->
  <testcase classname="testScripts.CategoryTest" name="verifyAddNewCategoryWithValidDetails" time="0.001">
    <skipped/>
  </testcase> <!-- verifyAddNewCategoryWithValidDetails -->
  <testcase classname="testScripts.CategoryTest" name="verifySearchCategoryWithValidKeyword" time="0.0">
    <skipped/>
  </testcase> <!-- verifySearchCategoryWithValidKeyword -->
  <testcase classname="testScripts.CategoryTest" name="verifyResetSearchFunctionality" time="0.002">
    <skipped/>
  </testcase> <!-- verifyResetSearchFunctionality -->
  <testcase classname="testScripts.CategoryTest" name="verifyEditCategoryWithValidDetails" time="0.006">
    <skipped/>
  </testcase> <!-- verifyEditCategoryWithValidDetails -->
  <testcase classname="testScripts.CategoryTest" name="verifyChangeCategoryStatusSuccessfully" time="0.0">
    <skipped/>
  </testcase> <!-- verifyChangeCategoryStatusSuccessfully -->
  <testcase classname="testScripts.CategoryTest" name="verifyDeleteCategoryItemSuccessfully" time="0.001">
    <skipped/>
  </testcase> <!-- verifyDeleteCategoryItemSuccessfully -->
</testsuite> <!-- Default test -->
